<?xml version="1.0" encoding="UTF-8"?>
<!-- Generated by org.testng.reporters.JUnitXMLReporter -->
<testsuite ignored="2" hostname="BOOK-TB0HS12M3M" failures="0" tests="1" name="Default test" time="39.54" errors="0" timestamp="2024-05-17T09:50:43 IST">
  <testcase classname="testpkg.Oroshealthhometst" name="userSearch" time="35.865"/>
  <testcase classname="testpkg.Oroshealthhometst" name="emojiRctn" time="0.0">
    <ignored/>
  </testcase> <!-- emojiRctn -->
  <testcase classname="testpkg.Oroshealthhometst" name="humnAspects" time="0.0">
    <ignored/>
  </testcase> <!-- humnAspects -->
</testsuite> <!-- Default test -->
