<?xml version="1.0" encoding="UTF-8"?>
<testng-results ignored="0" total="1" passed="1" failed="0" skipped="0">
  <reporter-output>
  </reporter-output>
  <suite started-at="2024-05-17T09:50:04 IST" name="Default suite" finished-at="2024-05-17T09:50:43 IST" duration-ms="39540">
    <groups>
    </groups>
    <test started-at="2024-05-17T09:50:04 IST" name="Default test" finished-at="2024-05-17T09:50:43 IST" duration-ms="39540">
      <class name="testpkg.Oroshealthhometst">
        <test-method is-config="true" signature="setUp()[pri:0, instance:testpkg.Oroshealthhometst@5ab956d7]" started-at="2024-05-17T09:50:04 IST" name="setUp" finished-at="2024-05-17T09:50:07 IST" duration-ms="3597" status="PASS">
          <reporter-output>
          </reporter-output>
        </test-method> <!-- setUp -->
        <test-method signature="userSearch()[pri:1, instance:testpkg.Oroshealthhometst@5ab956d7]" started-at="2024-05-17T09:50:07 IST" name="userSearch" finished-at="2024-05-17T09:50:43 IST" duration-ms="35865" status="PASS">
          <reporter-output>
          </reporter-output>
        </test-method> <!-- userSearch -->
      </class> <!-- testpkg.Oroshealthhometst -->
    </test> <!-- Default test -->
  </suite> <!-- Default suite -->
</testng-results>
